<?xml version="1.0" encoding="UTF-8"?>
<!-- Generated by org.testng.reporters.JUnitReportReporter -->
<testsuite hostname="DESKTOP-HG6JJ5V" failures="0" tests="1" name="com.ee.tt.loginpagetest" time="21.553" errors="0" timestamp="8 Jul 2020 05:58:44 GMT">
  <testcase classname="com.ee.tt.loginpagetest" name="loginTest" time="21.553"/>
</testsuite> <!-- com.ee.tt.loginpagetest -->
