<?xml version="1.0" encoding="UTF-8"?>
<!-- Generated by org.testng.reporters.JUnitReportReporter -->
<testsuite hostname="DESKTOP-HG6JJ5V" failures="0" tests="5" name="com.ee.tt.stackpagetest" time="49.262" errors="0" timestamp="8 Jul 2020 06:16:25 GMT">
  <testcase classname="com.ee.tt.stackpagetest" name="basketequalpagetest" time="13.683"/>
  <testcase classname="com.ee.tt.stackpagetest" name="priceincreasingtest" time="6.220"/>
  <testcase classname="com.ee.tt.stackpagetest" name="searchrandom" time="20.054"/>
  <testcase classname="com.ee.tt.stackpagetest" name="pricecontrol" time="0.034"/>
  <testcase classname="com.ee.tt.stackpagetest" name="deleteProducttest" time="9.271"/>
</testsuite> <!-- com.ee.tt.stackpagetest -->
